INFO: [VRFC 10-2263] Analyzing Verilog file "C:/Users/nages/verilog_projects/ADDERS/ADDERS.srcs/sources_1/new/half_adder.v" into library xil_defaultlib
INFO: [VRFC 10-311] analyzing module half_adder
INFO: [VRFC 10-2263] Analyzing Verilog file "C:/Users/nages/verilog_projects/ADDERS/ADDERS.srcs/sources_1/new/half_adder_tb.v" into library xil_defaultlib
INFO: [VRFC 10-311] analyzing module half_adder_tb
INFO: [VRFC 10-2263] Analyzing Verilog file "C:/Users/nages/verilog_projects/ADDERS/ADDERS.srcs/sources_1/new/full_adder.v" into library xil_defaultlib
INFO: [VRFC 10-311] analyzing module full_adder
INFO: [VRFC 10-2263] Analyzing Verilog file "C:/Users/nages/verilog_projects/ADDERS/ADDERS.srcs/sources_1/new/ripple_carry_adder_HW.v" into library xil_defaultlib
INFO: [VRFC 10-311] analyzing module ripple_carry_adder_HW
INFO: [VRFC 10-2263] Analyzing Verilog file "C:/Users/nages/verilog_projects/ADDERS/ADDERS.srcs/sources_1/new/ripple_carry_adder_8_bit.v" into library xil_defaultlib
INFO: [VRFC 10-311] analyzing module ripple_carry_adder_8_bit
INFO: [VRFC 10-2263] Analyzing Verilog file "C:/Users/nages/verilog_projects/ADDERS/ADDERS.srcs/sources_1/new/CarryLookAhead2bit.v" into library xil_defaultlib
INFO: [VRFC 10-311] analyzing module CarryLookAhead2bit
INFO: [VRFC 10-2458] undeclared symbol c1, assumed default net type wire [C:/Users/nages/verilog_projects/ADDERS/ADDERS.srcs/sources_1/new/CarryLookAhead2bit.v:42]
INFO: [VRFC 10-2263] Analyzing Verilog file "C:/Users/nages/verilog_projects/ADDERS/ADDERS.srcs/sources_1/new/CarrySelectAdder16bit.v" into library xil_defaultlib
INFO: [VRFC 10-311] analyzing module CarrySelectAdder16bit
INFO: [VRFC 10-2263] Analyzing Verilog file "C:/Users/nages/verilog_projects/ADDERS/ADDERS.srcs/sources_1/new/muxCSA.v" into library xil_defaultlib
INFO: [VRFC 10-311] analyzing module muxCSA
INFO: [VRFC 10-2263] Analyzing Verilog file "C:/Users/nages/verilog_projects/ADDERS/ADDERS.srcs/sim_1/new/full_adder_tb.v" into library xil_defaultlib
INFO: [VRFC 10-311] analyzing module full_adder_tb
INFO: [VRFC 10-2263] Analyzing Verilog file "C:/Users/nages/verilog_projects/ADDERS/ADDERS.srcs/sim_1/new/ripple_carry_adder.v" into library xil_defaultlib
INFO: [VRFC 10-311] analyzing module ripple_carry_adder_tb
INFO: [VRFC 10-2263] Analyzing Verilog file "C:/Users/nages/verilog_projects/ADDERS/ADDERS.srcs/sim_1/new/ripple_carry_adder_8_bit_tb.v" into library xil_defaultlib
INFO: [VRFC 10-311] analyzing module ripple_carry_adder_8_bit_tb
INFO: [VRFC 10-2263] Analyzing Verilog file "C:/Users/nages/verilog_projects/ADDERS/ADDERS.srcs/sim_1/new/CarryLookAhead2bit_tb.v" into library xil_defaultlib
INFO: [VRFC 10-311] analyzing module CarryLookAhead2bit_tb
INFO: [VRFC 10-2263] Analyzing SystemVerilog file "C:/Users/nages/verilog_projects/ADDERS/ADDERS.srcs/sim_1/new/CarrySelectAdder16bit_tb.sv" into library xil_defaultlib
INFO: [VRFC 10-311] analyzing module CarrySelectAdder16bit_tb
