Vivado Simulator 2020.2
Copyright 1986-1999, 2001-2020 Xilinx, Inc. All Rights Reserved.
Running: C:/Xilinx/Vivado/2020.2/bin/unwrapped/win64.o/xelab.exe -wto 0dc4f0299e7641298227bd83c2b4418d --incr --debug typical --relax --mt 2 -L xil_defaultlib -L unisims_ver -L unimacro_ver -L secureip --snapshot fft_64p_16b_top_testbench_behav xil_defaultlib.fft_64p_16b_top_testbench xil_defaultlib.glbl -log elaborate.log 
Using 2 slave threads.
Starting static elaboration
Pass Through NonSizing Optimizer
Completed static elaboration
Starting simulation data flow analysis
WARNING: [XSIM 43-4100] "C:/Users/nages/verilog_projects/MultiBandCR/MultiBandCR.sim/sim_1/behav/xsim/glbl.v" Line 6. Module glbl has a timescale but at least one module in design doesn't have timescale.
WARNING: [XSIM 43-4100] "C:/Users/nages/verilog_projects/MultiBandCR/MultiBandCR.sim/sim_1/behav/xsim/glbl.v" Line 6. Module glbl has a timescale but at least one module in design doesn't have timescale.
Completed simulation data flow analysis
Time Resolution for simulation is 1ps
Compiling module xil_defaultlib.mux_2_to_1(DATA_WIDTH=16)
Compiling module xil_defaultlib.real_imaginary_interchange
Compiling module xil_defaultlib.mux_2_to_1(DATA_WIDTH=32)
Compiling module xil_defaultlib.dff_sync_high_reset(DATA_WIDTH=3...
Compiling module xil_defaultlib.dff_hold_sync_high_reset(DATA_WI...
Compiling module xil_defaultlib.dff_inputsel_hold_sync_high_rese...
Compiling module xil_defaultlib.dff_segment_for_input
Compiling module xil_defaultlib.input_circuit
Compiling module xil_defaultlib.input_counter
Compiling module xil_defaultlib.complex_mult_twiddle_wn0_32b
Compiling module xil_defaultlib.pg
Compiling module xil_defaultlib.ks_1_16b
Compiling module xil_defaultlib.grey_cell
Compiling module xil_defaultlib.black_cell
Compiling module xil_defaultlib.ks_2_16b
Compiling module xil_defaultlib.ks_3_16b
Compiling module xil_defaultlib.ks_4_16b
Compiling module xil_defaultlib.ks_5_16b
Compiling module xil_defaultlib.ks_7_16b
Compiling module xil_defaultlib.ksa_top_16b
Compiling module xil_defaultlib.complex_adder_ksa_32b
Compiling module xil_defaultlib.notgate(DATA_WIDTH=16)
Compiling module xil_defaultlib.sub_ksa_16b
Compiling module xil_defaultlib.complex_subst_ksa_32b
Compiling module xil_defaultlib.sgninv_16b
Compiling module xil_defaultlib.complex_mult_twiddle_wn2_32b
Compiling module xil_defaultlib.lshifter(LSHIFT_AMOUNT=0)
Compiling module xil_defaultlib.lshifter(LSHIFT_AMOUNT=5)
Compiling module xil_defaultlib.lshifter(LSHIFT_AMOUNT=7)
Compiling module xil_defaultlib.lshifter(LSHIFT_AMOUNT=9)
Compiling module xil_defaultlib.lshifter(LSHIFT_AMOUNT=10)
Compiling module xil_defaultlib.lshifter(LSHIFT_AMOUNT=12)
Compiling module xil_defaultlib.ks_1_32b
Compiling module xil_defaultlib.ks_2_32b
Compiling module xil_defaultlib.ks_3_32b
Compiling module xil_defaultlib.ks_4_32b
Compiling module xil_defaultlib.ks_5_32b
Compiling module xil_defaultlib.ks_6_32b
Compiling module xil_defaultlib.ks_7_32b
Compiling module xil_defaultlib.ksa_top_32b
Compiling module xil_defaultlib.bit_adj_32b_to_16b
Compiling module xil_defaultlib.const_mult_ksa_16b_sqrt2
Compiling module xil_defaultlib.lshifter(LSHIFT_AMOUNT=4)
Compiling module xil_defaultlib.lshifter(LSHIFT_AMOUNT=6)
Compiling module xil_defaultlib.lshifter_default
Compiling module xil_defaultlib.lshifter(LSHIFT_AMOUNT=11)
Compiling module xil_defaultlib.const_mult_ksa_16b_halfsqrt2
Compiling module xil_defaultlib.complex_mult_twiddle_wn1_32b
Compiling module xil_defaultlib.complex_mult_twiddle_wn3_32b
Compiling module xil_defaultlib.fft_8p_16b_top
Compiling module xil_defaultlib.intermediate_circuit
Compiling module xil_defaultlib.mux_8_to_1(DATA_WIDTH=32)
Compiling module xil_defaultlib.lshifter(LSHIFT_AMOUNT=1)
Compiling module xil_defaultlib.lshifter(LSHIFT_AMOUNT=2)
Compiling module xil_defaultlib.lshifter(LSHIFT_AMOUNT=3)
Compiling module xil_defaultlib.generic_mult_16b(CONST=16'b01000...
Compiling module xil_defaultlib.generic_mult_16b(CONST=16'b01110...
Compiling module xil_defaultlib.generic_mult_16b(CONST=16'b01111...
Compiling module xil_defaultlib.generic_complex_mult_16b(C_PLUS_...
Compiling module xil_defaultlib.generic_complex_mult_block(C_PLU...
Compiling module xil_defaultlib.generic_mult_16b(CONST=16'b01001...
Compiling module xil_defaultlib.generic_mult_16b(CONST=16'b01100...
Compiling module xil_defaultlib.generic_mult_16b(CONST=16'b01111...
Compiling module xil_defaultlib.generic_complex_mult_16b(C_PLUS_...
Compiling module xil_defaultlib.generic_complex_mult_block(C_PLU...
Compiling module xil_defaultlib.generic_mult_16b(CONST=16'b01001...
Compiling module xil_defaultlib.generic_mult_16b(CONST=16'b01010...
Compiling module xil_defaultlib.generic_mult_16b(CONST=16'b01111...
Compiling module xil_defaultlib.generic_complex_mult_16b(C_PLUS_...
Compiling module xil_defaultlib.generic_complex_mult_block(C_PLU...
Compiling module xil_defaultlib.generic_mult_16b(CONST=16'b01010...
Compiling module xil_defaultlib.generic_mult_16b(CONST=16'b01000...
Compiling module xil_defaultlib.generic_mult_16b(CONST=16'b01110...
Compiling module xil_defaultlib.generic_complex_mult_16b(C_PLUS_...
Compiling module xil_defaultlib.generic_complex_mult_block(C_PLU...
Compiling module xil_defaultlib.generic_mult_16b(CONST=16'b01010...
Compiling module xil_defaultlib.generic_mult_16b(CONST=16'b01101...
Compiling module xil_defaultlib.generic_mult_16b(CONST=16'b01110...
Compiling module xil_defaultlib.generic_complex_mult_16b(C_PLUS_...
Compiling module xil_defaultlib.generic_complex_mult_block(C_PLU...
Compiling module xil_defaultlib.generic_mult_16b(CONST=16'b01011...
Compiling module xil_defaultlib.generic_mult_16b(CONST=16'b01000...
Compiling module xil_defaultlib.generic_mult_16b(CONST=16'b01101...
Compiling module xil_defaultlib.generic_complex_mult_16b(C_PLUS_...
Compiling module xil_defaultlib.generic_complex_mult_block(C_PLU...
Compiling module xil_defaultlib.generic_mult_16b(CONST=16'b01011...
Compiling module xil_defaultlib.generic_mult_16b(CONST=16'b01000...
Compiling module xil_defaultlib.generic_mult_16b(CONST=16'b01100...
Compiling module xil_defaultlib.generic_complex_mult_16b(C_PLUS_...
Compiling module xil_defaultlib.generic_complex_mult_block(C_PLU...
Compiling module xil_defaultlib.generic_mult_16b(CONST=16'b01011...
Compiling module xil_defaultlib.generic_mult_16b(CONST=16'b0)
Compiling module xil_defaultlib.generic_mult_16b(CONST=16'b01011...
Compiling module xil_defaultlib.generic_complex_mult_16b(C_PLUS_...
Compiling module xil_defaultlib.generic_complex_mult_block(C_PLU...
Compiling module xil_defaultlib.bypass_32b
Compiling module xil_defaultlib.interdimensional_multiplier
Compiling module xil_defaultlib.dff_segment_for_cb
Compiling module xil_defaultlib.cb_circuit
Compiling module xil_defaultlib.dff_segment_for_output
Compiling module xil_defaultlib.rshift_6_16b_to_16b
Compiling module xil_defaultlib.scalling_out
Compiling module xil_defaultlib.output_circuit
Compiling module xil_defaultlib.output_counter
Compiling module xil_defaultlib.master_control
Compiling module xil_defaultlib.fft_64p_16b_top
Compiling module xil_defaultlib.fft_64p_16b_top_testbench
Compiling module xil_defaultlib.glbl
Built simulation snapshot fft_64p_16b_top_testbench_behav
